[2023-11-12 01:21:44] localhost:25575: stop
Stopping the server

[2023-11-12 02:01:20] localhost:25575: stop
Stopping the server

[2023-11-12 02:05:05] localhost:25575: reload
§cAre you sure you wish to reload your server? Doing so may cause bugs and memory leaks. It is recommended to restart instead of using /reload. To confirm, please type §e/reload confirm

[2023-11-12 02:05:13] localhost:25575: reload
§cAre you sure you wish to reload your server? Doing so may cause bugs and memory leaks. It is recommended to restart instead of using /reload. To confirm, please type §e/reload confirm

[2023-11-12 02:05:13] localhost:25575: confirm
Unknown command. Type "/help" for help.

[2023-11-12 02:23:20] localhost:25575: stop
Stopping the server

[2023-11-12 02:55:46] localhost:25575: stop
Stopping the server

[2023-11-12 02:56:45] localhost:25575: stop
Stopping the server

[2023-11-12 02:58:06] localhost:25575: stop
Stopping the server

[2023-11-12 02:59:15] localhost:25575: stop
Stopping the server

[2023-11-12 03:00:39] localhost:25575: stop
Stopping the server

[2023-11-12 03:09:28] localhost:25575: stop
Stopping the server

[2023-11-12 03:10:58] localhost:25575: stop
Stopping the server

[2023-11-12 03:12:33] localhost:25575: stop
Stopping the server

[2023-11-12 15:44:33] localhost:25575: stop
Stopping the server

[2023-11-14 21:42:23] localhost:25575: stop
Stopping the server

[2023-11-14 21:52:58] localhost:25575: stop
Stopping the server

[2023-11-14 21:53:19] localhost:25575: stop
Stopping the server

[2023-11-14 21:54:14] localhost:25575: stop
Stopping the server

[2023-11-14 22:29:09] localhost:25575: stop
Stopping the server

[2023-11-14 22:30:49] localhost:25575: stop
Stopping the server

[2023-11-14 22:51:18] localhost:25575: stop
Stopping the server

[2023-11-14 22:52:06] localhost:25575: stop
Stopping the server

[2023-11-14 22:55:17] localhost:25575: stop
Stopping the server

[2023-11-14 22:57:59] localhost:25575: stop
Stopping the server

[2023-11-14 23:10:14] localhost:25575: stop
Stopping the server

[2023-11-14 23:13:31] localhost:25575: stop
Stopping the server

[2023-11-14 23:23:15] localhost:25575: stop
Stopping the server

[2023-11-14 23:23:42] localhost:25575: stop
Stopping the server

[2023-11-14 23:24:48] localhost:25575: stop
Stopping the server

[2023-11-14 23:25:37] localhost:25575: stop
Stopping the server

[2023-11-14 23:55:05] localhost:25575: stop
Stopping the server

[2023-11-14 23:56:55] localhost:25575: stop
Stopping the server

[2023-11-14 23:57:15] localhost:25575: stop
Stopping the server

[2023-11-15 00:28:38] localhost:25575: stop
Stopping the server

[2023-11-15 00:30:07] localhost:25575: stop
Stopping the server

[2023-11-15 00:31:24] localhost:25575: stop
Stopping the server

[2023-11-15 00:32:48] localhost:25575: stop
Stopping the server

[2023-11-19 22:37:41] localhost:25575: stop
Stopping the server

[2023-11-19 22:37:53] localhost:25575: stop
Stopping the server

[2023-11-19 22:39:25] localhost:25575: stop
Stopping the server

[2023-11-19 22:40:35] localhost:25575: stop
Stopping the server

[2023-11-19 22:41:20] localhost:25575: stop
Stopping the server

[2023-11-19 22:44:37] localhost:25575: stop
Stopping the server

[2023-11-19 22:44:58] localhost:25575: stop
Stopping the server

[2023-11-19 22:45:38] localhost:25575: stop
Stopping the server

[2023-11-19 22:45:56] localhost:25575: stop
Stopping the server

[2023-11-19 22:47:50] localhost:25575: stop
Stopping the server

[2023-11-19 22:49:34] localhost:25575: stop
Stopping the server

[2023-11-19 22:50:20] localhost:25575: stop
Stopping the server

[2023-11-19 22:53:44] localhost:25575: stop
Stopping the server

[2023-11-19 22:54:34] localhost:25575: stop
Stopping the server

[2023-11-19 22:57:14] localhost:25575: stop
Stopping the server

[2023-11-19 22:58:02] localhost:25575: stop
Stopping the server

[2023-11-19 22:59:09] localhost:25575: stop
Stopping the server

[2023-11-19 23:00:05] localhost:25575: stop
Stopping the server

[2023-11-19 23:00:25] localhost:25575: stop
Stopping the server

[2023-11-19 23:00:56] localhost:25575: stop
Stopping the server

[2023-11-19 23:01:18] localhost:25575: stop
Stopping the server

[2023-11-20 01:15:29] localhost:25575: stop
Stopping the server

[2023-11-20 01:19:12] localhost:25575: stop
Stopping the server

[2023-11-20 01:24:59] localhost:25575: stop
Stopping the server

[2023-11-20 01:31:07] localhost:25575: stop
Stopping the server

[2023-11-20 01:32:59] localhost:25575: stop
Stopping the server

[2023-11-20 01:41:01] localhost:25575: stop
Stopping the server

[2023-11-20 01:48:58] localhost:25575: stop
Stopping the server

[2023-11-20 02:15:01] localhost:25575: stop
Stopping the server

[2023-11-20 02:15:26] localhost:25575: stop
Stopping the server

[2023-11-20 02:16:42] localhost:25575: stop
Stopping the server

[2023-11-20 02:20:23] localhost:25575: stop
Stopping the server

[2023-11-20 02:23:10] localhost:25575: stop
Stopping the server

[2023-11-20 02:24:40] localhost:25575: stop
Stopping the server

[2023-11-20 02:27:44] localhost:25575: stop
Stopping the server

[2023-11-20 02:30:18] localhost:25575: stop
Stopping the server

[2023-11-20 02:31:41] localhost:25575: stop
Stopping the server

[2023-11-20 02:37:21] localhost:25575: stop
Stopping the server

[2023-11-20 02:37:59] localhost:25575: stop
Stopping the server

[2023-11-20 02:48:42] localhost:25575: stop
Stopping the server

[2023-11-22 20:22:29] localhost:25575: stop
Stopping the server

[2023-11-22 20:31:51] localhost:25575: stop
Stopping the server

[2023-11-22 20:33:09] localhost:25575: stop
Stopping the server

[2023-11-22 20:36:25] localhost:25575: stop
Stopping the server

[2023-11-22 20:36:50] localhost:25575: stop
Stopping the server

[2023-11-22 20:37:56] localhost:25575: stop
Stopping the server

[2023-11-22 20:38:21] localhost:25575: stop
Stopping the server

[2023-11-22 20:39:01] localhost:25575: stop
Stopping the server

[2023-11-22 20:39:24] localhost:25575: stop
Stopping the server

[2023-11-22 20:48:45] localhost:25575: stop
Stopping the server

[2023-11-22 20:48:58] localhost:25575: stop
Stopping the server

[2023-11-22 20:57:05] localhost:25575: stop
Stopping the server

[2023-11-22 20:59:52] localhost:25575: stop
Stopping the server

[2023-11-22 21:01:10] localhost:25575: stop
Stopping the server

[2023-11-22 21:07:09] localhost:25575: stop
Stopping the server

[2023-11-22 21:07:29] localhost:25575: stop
Stopping the server

[2023-11-22 21:08:40] localhost:25575: stop
Stopping the server

[2023-11-22 21:09:12] localhost:25575: stop
Stopping the server

[2023-11-22 21:34:49] localhost:25575: stop
Stopping the server

[2023-11-22 21:35:39] localhost:25575: stop
Stopping the server

[2023-11-22 21:37:09] localhost:25575: stop
Stopping the server

[2023-11-22 21:37:49] localhost:25575: stop
Stopping the server

[2023-11-22 22:20:44] localhost:25575: stop
Stopping the server

[2023-11-22 22:24:11] localhost:25575: stop
Stopping the server

[2023-11-22 22:25:15] localhost:25575: stop
Stopping the server

[2023-11-22 22:27:50] localhost:25575: stop
Stopping the server

[2023-11-22 22:29:08] localhost:25575: stop
Stopping the server

[2023-11-22 23:26:54] localhost:25575: stop
Stopping the server

[2023-11-22 23:27:23] localhost:25575: stop
Stopping the server

[2023-11-22 23:53:12] localhost:25575: stop
Stopping the server

[2023-11-22 23:54:08] localhost:25575: stop
Stopping the server

[2023-11-23 00:35:23] localhost:25575: stop
Stopping the server

[2023-11-23 00:37:17] localhost:25575: stop
Stopping the server

[2023-11-23 01:52:56] localhost:25575: stop
Stopping the server

[2023-11-23 02:10:07] localhost:25575: stop
Stopping the server

[2023-11-23 02:13:05] localhost:25575: stop
Stopping the server

[2023-11-23 02:14:53] localhost:25575: stop
Stopping the server

[2023-11-23 02:15:59] localhost:25575: stop
Stopping the server

[2023-11-23 02:19:50] localhost:25575: stop
Stopping the server

[2023-11-23 02:21:15] localhost:25575: stop
Stopping the server

[2023-11-23 02:21:32] localhost:25575: stop
Stopping the server

[2023-11-23 02:21:52] localhost:25575: stop
Stopping the server

[2023-11-23 03:01:29] localhost:25575: stop
Stopping the server

[2023-11-23 03:02:48] localhost:25575: stop
Stopping the server

[2023-11-23 03:20:24] localhost:25575: stop
Stopping the server

[2023-11-23 03:20:51] localhost:25575: stop
Stopping the server

[2023-11-23 03:21:44] localhost:25575: stop
Stopping the server

[2023-11-23 03:23:50] localhost:25575: stop
Stopping the server

[2023-11-23 03:24:26] localhost:25575: stop
Stopping the server

[2023-11-23 03:25:52] localhost:25575: stop
Stopping the server

[2023-11-23 03:26:16] localhost:25575: stop
Stopping the server

[2023-11-23 03:27:06] localhost:25575: stop
Stopping the server

[2023-11-23 03:28:07] localhost:25575: stop
Stopping the server

[2023-11-23 03:29:03] localhost:25575: stop
Stopping the server

[2023-11-23 03:34:26] localhost:25575: stop
Stopping the server

[2023-11-23 04:29:34] localhost:25575: stop
Stopping the server

[2023-11-23 04:35:32] localhost:25575: stop
Stopping the server

[2023-11-23 04:35:58] localhost:25575: stop
Stopping the server

[2023-11-23 04:36:42] localhost:25575: stop
Stopping the server

[2023-11-23 04:37:50] localhost:25575: stop
Stopping the server

[2023-11-23 04:38:24] localhost:25575: stop
Stopping the server

[2023-11-23 15:07:49] localhost:25575: stop
Stopping the server

[2023-11-23 15:14:26] localhost:25575: stop
Stopping the server

[2023-11-23 15:36:56] localhost:25575: stop
Stopping the server

[2023-11-23 15:38:05] localhost:25575: stop
Stopping the server

[2023-11-23 15:42:45] localhost:25575: stop
Stopping the server

[2023-11-23 15:45:09] localhost:25575: stop
Stopping the server

[2023-11-23 15:45:37] localhost:25575: stop
Stopping the server

[2023-11-23 16:02:54] localhost:25575: stop
Stopping the server

[2023-11-23 16:03:32] localhost:25575: stop
Stopping the server

[2023-11-23 16:07:58] localhost:25575: stop
Stopping the server

[2023-11-23 16:21:38] localhost:25575: stop
Stopping the server

[2023-11-23 16:22:49] localhost:25575: stop
Stopping the server

[2023-11-23 16:24:05] localhost:25575: stop
Stopping the server

[2023-11-23 16:32:21] localhost:25575: stop
Stopping the server

[2023-11-23 16:36:03] localhost:25575: stop
Stopping the server

[2023-11-23 16:40:19] localhost:25575: stop
Stopping the server

[2023-11-23 16:41:00] localhost:25575: stop
Stopping the server

[2023-11-23 16:52:10] localhost:25575: stop
Stopping the server

[2023-11-24 01:32:21] localhost:25575: stop
Stopping the server

[2023-11-24 01:33:48] localhost:25575: stop
Stopping the server

[2023-11-24 01:37:17] localhost:25575: stop
Stopping the server

[2023-11-30 01:40:33] localhost:25575: stop
Stopping the server

[2023-11-30 02:41:54] localhost:25575: stop
Stopping the server

[2023-11-30 02:44:21] localhost:25575: stop
Stopping the server

[2023-11-30 02:45:57] localhost:25575: stop
Stopping the server

[2023-11-30 02:48:06] localhost:25575: stop
Stopping the server

[2023-11-30 02:52:05] localhost:25575: stop
Stopping the server

[2023-11-30 02:53:07] localhost:25575: stop
Stopping the server

[2023-11-30 03:29:02] localhost:25575: stop
Stopping the server

[2023-11-30 03:33:58] localhost:25575: stop
Stopping the server

[2023-11-30 03:36:16] localhost:25575: stop
Stopping the server

[2023-11-30 03:38:04] localhost:25575: stop
Stopping the server

[2023-11-30 03:59:47] localhost:25575: stop
Stopping the server

[2023-11-30 04:03:10] localhost:25575: stop
Stopping the server

[2023-11-30 04:21:58] localhost:25575: stop
Stopping the server

[2023-11-30 04:24:24] localhost:25575: stop
Stopping the server

[2023-11-30 04:24:48] localhost:25575: stop
Stopping the server

[2023-11-30 15:21:48] localhost:25575: stop
Stopping the server

[2023-11-30 15:24:19] localhost:25575: stop
Stopping the server

[2023-11-30 15:41:32] localhost:25575: stop
Stopping the server

[2023-11-30 16:53:31] localhost:25575: stop
Stopping the server

[2023-11-30 18:29:24] localhost:25575: stop
Stopping the server

[2023-11-30 19:38:54] localhost:25575: stop
Stopping the server

[2023-11-30 19:44:33] localhost:25575: stop
Stopping the server

[2023-11-30 19:58:04] localhost:25575: stop
Stopping the server

[2023-11-30 19:58:24] localhost:25575: stop
Stopping the server

[2023-11-30 20:00:31] localhost:25575: stop
Stopping the server

[2023-12-01 09:48:03] localhost:25575: stop
Stopping the server

[2023-12-01 09:49:33] localhost:25575: stop
Stopping the server

[2023-12-01 09:51:35] localhost:25575: stop
Stopping the server

[2023-12-01 09:53:12] localhost:25575: stop
Stopping the server

[2023-12-01 10:02:08] localhost:25575: stop
Stopping the server

[2023-12-01 10:03:38] localhost:25575: stop
Stopping the server

[2023-12-01 10:09:07] localhost:25575: stop
Stopping the server

[2023-12-01 10:12:45] localhost:25575: stop
Stopping the server

[2023-12-01 10:20:02] localhost:25575: stop
Stopping the server

[2023-12-01 10:26:39] localhost:25575: stop
Stopping the server

[2023-12-01 13:14:40] localhost:25575: stop
Stopping the server

[2023-12-01 13:26:02] localhost:25575: stop
Stopping the server

[2023-12-01 13:36:52] localhost:25575: stop
Stopping the server

[2023-12-01 16:47:40] localhost:25575: stop
Stopping the server

